[0m[[0mdebug[0m] [0mRunning TaskDef(edu.knoldus.twitterApi.HashTagTest, org.scalatest.tools.Framework$$anon$1@74adb24a, false, [SuiteSelector])[0m
[0m[[0mdebug[0m] [0mRunning TaskDef(edu.knoldus.twitterApi.ConnectionToTwitterTest, org.scalatest.tools.Framework$$anon$1@74adb24a, false, [SuiteSelector])[0m
[0m[[0mdebug[0m] [0mRunning TaskDef(edu.knoldus.twitterApi.TwitterFeedsTest, org.scalatest.tools.Framework$$anon$1@74adb24a, false, [SuiteSelector])[0m
[0m[[0minfo[0m] [0m[36mRun completed in 31 seconds, 169 milliseconds.[0m[0m
[0m[[0minfo[0m] [0m[36mTotal number of tests run: 5[0m[0m
[0m[[0minfo[0m] [0m[36mSuites: completed 3, aborted 0[0m[0m
[0m[[0minfo[0m] [0m[36mTests: succeeded 4, failed 1, canceled 0, ignored 0, pending 0[0m[0m
[0m[[0minfo[0m] [0m[31m*** 1 TEST FAILED ***[0m[0m
[0m[[0mdebug[0m] [0mPassed tests:[0m
[0m[[0mdebug[0m] [0m	edu.knoldus.twitterApi.HashTagTest[0m
[0m[[0mdebug[0m] [0m	edu.knoldus.twitterApi.ConnectionToTwitterTest[0m
[0m[[31merror[0m] [0mFailed tests:[0m
[0m[[31merror[0m] [0m	edu.knoldus.twitterApi.TwitterFeedsTest[0m
[0m[[31merror[0m] [0m(test:[31mtest[0m) sbt.TestsFailedException: Tests unsuccessful[0m
